<?xml version="1.0" encoding="UTF-8"?>
<!-- Generated by org.testng.reporters.JUnitReportReporter -->
<testsuite skipped="0" hostname="LAPTOP-OL3GGV0J" name="com.suhail.mavenproject.SeleniumTest" tests="2" failures="0" timestamp="2019-01-28T16:54:03 IST" time="0.016" errors="0">
  <testcase name="browseropen" time="0.015" classname="com.suhail.mavenproject.SeleniumTest"/>
  <testcase name="signin" time="0.001" classname="com.suhail.mavenproject.SeleniumTest"/>
</testsuite> <!-- com.suhail.mavenproject.SeleniumTest -->
