<?xml version="1.0" encoding="UTF-8"?>
<!-- Generated by org.testng.reporters.JUnitReportReporter -->
<testsuite skipped="0" hostname="LAPTOP-OL3GGV0J" name="com.suhail.mavenproject.JavaTest" tests="1" failures="0" timestamp="23 Jan 2019 11:07:54 GMT" time="0.001" errors="0">
  <testcase name="Collection_Api" time="0.001" classname="com.suhail.mavenproject.JavaTest"/>
</testsuite> <!-- com.suhail.mavenproject.JavaTest -->
