<?xml version="1.0" encoding="UTF-8"?>
<!-- Generated by org.testng.reporters.JUnitReportReporter -->
<testsuite skipped="0" hostname="LAPTOP-OL3GGV0J" name="com.suhail.mavenproject.RestAPITest" tests="2" failures="0" timestamp="23 Jan 2019 11:07:54 GMT" time="0.005" errors="0">
  <testcase name="invokeapi" time="0.004" classname="com.suhail.mavenproject.RestAPITest"/>
  <testcase name="EndApi" time="0.001" classname="com.suhail.mavenproject.RestAPITest"/>
</testsuite> <!-- com.suhail.mavenproject.RestAPITest -->
