<?xml version="1.0" encoding="UTF-8"?>
<!-- Generated by org.testng.reporters.JUnitReportReporter -->
<testsuite skipped="0" hostname="LAPTOP-OL3GGV0J" name="com.suhail.mavenproject.RestAPITest" tests="2" failures="0" timestamp="31 Jan 2019 10:50:37 GMT" time="0.002" errors="0">
  <testcase name="invokeapi" time="0.002" classname="com.suhail.mavenproject.RestAPITest"/>
  <testcase name="EndApi" time="0.000" classname="com.suhail.mavenproject.RestAPITest"/>
</testsuite> <!-- com.suhail.mavenproject.RestAPITest -->
