<?xml version="1.0" encoding="UTF-8"?>
<!-- Generated by org.testng.reporters.JUnitReportReporter -->
<testsuite skipped="0" hostname="LAPTOP-OL3GGV0J" name="com.suhail.mavenproject.SeleniumTest" tests="2" failures="0" timestamp="23 Jan 2019 11:07:54 GMT" time="0.029" errors="0">
  <testcase name="browseropen" time="0.024" classname="com.suhail.mavenproject.SeleniumTest"/>
  <testcase name="signin" time="0.005" classname="com.suhail.mavenproject.SeleniumTest"/>
</testsuite> <!-- com.suhail.mavenproject.SeleniumTest -->
