<?xml version="1.0" encoding="UTF-8"?>
<!-- Generated by org.testng.reporters.JUnitReportReporter -->
<testsuite skipped="0" hostname="LAPTOP-OL3GGV0J" name="com.suhail.mavenproject.JavaTest" tests="1" failures="0" timestamp="31 Jan 2019 10:50:37 GMT" time="0.000" errors="0">
  <testcase name="Collection_Api" time="0.000" classname="com.suhail.mavenproject.JavaTest"/>
</testsuite> <!-- com.suhail.mavenproject.JavaTest -->
