<?xml version="1.0" encoding="UTF-8"?>
<!-- Generated by org.testng.reporters.JUnitReportReporter -->
<testsuite skipped="0" hostname="LAPTOP-OL3GGV0J" name="com.suhail.mavenproject.AppiumTest" tests="2" failures="0" timestamp="23 Jan 2019 10:41:58 GMT" time="0.005" errors="0">
  <testcase name="opennativeapp" time="0.002" classname="com.suhail.mavenproject.AppiumTest"/>
  <testcase name="closeapp" time="0.003" classname="com.suhail.mavenproject.AppiumTest"/>
</testsuite> <!-- com.suhail.mavenproject.AppiumTest -->
